[00:36:55] [main/INFO] (FabricLoader/GameProvider) Loading Minecraft 1.21 with Fabric Loader 0.16.2
[00:36:55] [main/INFO] (FabricLoader) Loading 57 mods:
	- architectury 13.0.2
	- auto_tool 1.0.0
	- fabric-api 0.102.0+1.21
	- fabric-api-base 0.4.42+6573ed8cd1
	- fabric-api-lookup-api-v1 1.6.68+b5597344d1
	- fabric-biome-api-v1 13.0.29+5bd9f1bcd1
	- fabric-block-api-v1 1.0.22+0af3f5a7d1
	- fabric-block-view-api-v2 1.0.10+6573ed8cd1
	- fabric-blockrenderlayer-v1 1.1.52+0af3f5a7d1
	- fabric-client-tags-api-v1 1.1.15+6573ed8cd1
	- fabric-command-api-v1 1.2.49+f71b366fd1
	- fabric-command-api-v2 2.2.28+6ced4dd9d1
	- fabric-commands-v0 0.2.66+df3654b3d1
	- fabric-content-registries-v0 8.0.16+b5597344d1
	- fabric-convention-tags-v1 2.0.19+7f945d5bd1
	- fabric-convention-tags-v2 2.5.0+c5e2b5c6d1
	- fabric-crash-report-info-v1 0.2.29+0af3f5a7d1
	- fabric-data-attachment-api-v1 1.1.27+6a6dfa19d1
	- fabric-data-generation-api-v1 20.2.16+16c4ae25d1
	- fabric-dimensions-v1 4.0.0+6fc22b99d1
	- fabric-entity-events-v1 1.6.12+6fc22b99d1
	- fabric-events-interaction-v0 0.7.12+ba9dae06d1
	- fabric-game-rule-api-v1 1.0.53+6ced4dd9d1
	- fabric-gametest-api-v1 2.0.4+6fc22b99d1
	- fabric-item-api-v1 11.0.0+afdfc921d1
	- fabric-item-group-api-v1 4.1.4+78017270d1
	- fabric-key-binding-api-v1 1.0.47+0af3f5a7d1
	- fabric-keybindings-v0 0.2.45+df3654b3d1
	- fabric-lifecycle-events-v1 2.3.12+6c1df360d1
	- fabric-loot-api-v2 3.0.14+3f89f5a5d1
	- fabric-loot-api-v3 1.0.2+3f89f5a5d1
	- fabric-message-api-v1 6.0.13+6573ed8cd1
	- fabric-model-loading-api-v1 2.0.0+fe474d6bd1
	- fabric-networking-api-v1 4.2.2+60c3209bd1
	- fabric-object-builder-api-v1 15.2.0+a551f7a4d1
	- fabric-particles-v1 4.0.2+6573ed8cd1
	- fabric-recipe-api-v1 5.0.12+65089712d1
	- fabric-registry-sync-v0 5.1.2+60c3209bd1
	- fabric-renderer-api-v1 3.4.0+c705a49cd1
	- fabric-renderer-indigo 1.7.0+c705a49cd1
	- fabric-renderer-registries-v1 3.2.68+df3654b3d1
	- fabric-rendering-data-attachment-v1 0.3.48+73761d2ed1
	- fabric-rendering-fluids-v1 3.1.6+b5597344d1
	- fabric-rendering-v0 1.1.71+df3654b3d1
	- fabric-rendering-v1 5.0.5+df16efd0d1
	- fabric-resource-conditions-api-v1 4.3.0+8dc279b1d1
	- fabric-resource-loader-v0 1.3.0+56599129d1
	- fabric-screen-api-v1 2.0.24+b5597344d1
	- fabric-screen-handler-api-v1 1.3.86+b5597344d1
	- fabric-sound-api-v1 1.0.23+6573ed8cd1
	- fabric-transfer-api-v1 5.1.16+3dccd343d1
	- fabric-transitive-access-wideners-v1 6.1.0+176f9036d1
	- fabricloader 0.16.2
	- generated_40b9c18 1.0.0
	- java 21
	- minecraft 1.21
	- mixinextras 0.4.1
[00:36:55] [main/INFO] (FabricLoader/Mixin) SpongePowered MIXIN Subsystem Version=0.8.7 Source=file:/C:/Users/noide/.gradle/caches/modules-2/files-2.1/net.fabricmc/sponge-mixin/0.15.2+mixin.0.8.7/2af2f021d8e02a0220dc27a7a72b4666d66d44ca/sponge-mixin-0.15.2+mixin.0.8.7.jar Service=Knot/Fabric Env=CLIENT
[00:36:55] [main/INFO] (FabricLoader/Mixin) Loaded Fabric development mappings for mixin remapper!
[00:36:55] [main/INFO] (FabricLoader/Mixin) Compatibility level set to JAVA_17
[00:36:55] [main/INFO] (FabricLoader/Mixin) Compatibility level set to JAVA_21
[00:36:57] [main/INFO] (FabricLoader/MixinExtras|Service) Initializing MixinExtras via com.llamalad7.mixinextras.service.MixinExtrasServiceImpl(version=0.4.1).
[00:36:58] [Datafixer Bootstrap/INFO] (Minecraft) 226 Datafixer optimizations took 389 milliseconds
[00:37:03] [Render thread/INFO] (Minecraft) Environment: Environment[sessionHost=https://sessionserver.mojang.com, servicesHost=https://api.minecraftservices.com, name=PROD]
[00:37:03] [Render thread/INFO] (Minecraft) Setting user: Player370
[00:37:03] [Render thread/INFO] (NetworkManagerImpl) Registering S2C receiver with id architectury:spawn_entity_packet
[00:37:03] [Render thread/INFO] (Indigo) [Indigo] Registering Indigo renderer!
[00:37:03] [Render thread/INFO] (Minecraft) Backend library: LWJGL version 3.3.3-snapshot
[00:37:04] [Render thread/INFO] (Minecraft) Reloading ResourceManager: vanilla, fabric, fabric-api, fabric-api-base, fabric-api-lookup-api-v1, fabric-biome-api-v1, fabric-block-api-v1, fabric-block-view-api-v2, fabric-blockrenderlayer-v1, fabric-client-tags-api-v1, fabric-command-api-v1, fabric-command-api-v2, fabric-commands-v0, fabric-content-registries-v0, fabric-convention-tags-v1, fabric-convention-tags-v2, fabric-crash-report-info-v1, fabric-data-attachment-api-v1, fabric-data-generation-api-v1, fabric-dimensions-v1, fabric-entity-events-v1, fabric-events-interaction-v0, fabric-game-rule-api-v1, fabric-gametest-api-v1, fabric-item-api-v1, fabric-item-group-api-v1, fabric-key-binding-api-v1, fabric-keybindings-v0, fabric-lifecycle-events-v1, fabric-loot-api-v2, fabric-loot-api-v3, fabric-message-api-v1, fabric-model-loading-api-v1, fabric-networking-api-v1, fabric-object-builder-api-v1, fabric-particles-v1, fabric-recipe-api-v1, fabric-registry-sync-v0, fabric-renderer-api-v1, fabric-renderer-indigo, fabric-renderer-registries-v1, fabric-rendering-data-attachment-v1, fabric-rendering-fluids-v1, fabric-rendering-v0, fabric-rendering-v1, fabric-resource-conditions-api-v1, fabric-resource-loader-v0, fabric-screen-api-v1, fabric-screen-handler-api-v1, fabric-sound-api-v1, fabric-transfer-api-v1, fabric-transitive-access-wideners-v1, fabricloader
[00:37:05] [Worker-Main-10/INFO] (Minecraft) Found unifont_all_no_pua-15.1.05.hex, loading
[00:37:05] [Worker-Main-13/INFO] (Minecraft) Found unifont_jp_patch-15.1.05.hex, loading
[00:37:05] [Render thread/WARN] (Minecraft) Missing sound for event: minecraft:item.goat_horn.play
[00:37:05] [Render thread/WARN] (Minecraft) Missing sound for event: minecraft:entity.goat.screaming.horn_break
[00:37:06] [Render thread/INFO] (Minecraft) OpenAL initialized on device OpenAL Soft on Speakers (HyperX Quadcast)
[00:37:06] [Render thread/INFO] (Minecraft) Sound engine started
[00:37:06] [Render thread/INFO] (Minecraft) Created: 1024x512x4 minecraft:textures/atlas/blocks.png-atlas
[00:37:06] [Render thread/INFO] (Minecraft) Created: 256x256x4 minecraft:textures/atlas/signs.png-atlas
[00:37:06] [Render thread/INFO] (Minecraft) Created: 512x512x4 minecraft:textures/atlas/shield_patterns.png-atlas
[00:37:06] [Render thread/INFO] (Minecraft) Created: 512x512x4 minecraft:textures/atlas/banner_patterns.png-atlas
[00:37:06] [Render thread/INFO] (Minecraft) Created: 1024x1024x4 minecraft:textures/atlas/armor_trims.png-atlas
[00:37:06] [Render thread/INFO] (Minecraft) Created: 128x64x4 minecraft:textures/atlas/decorated_pot.png-atlas
[00:37:06] [Render thread/INFO] (Minecraft) Created: 256x256x4 minecraft:textures/atlas/chest.png-atlas
[00:37:06] [Render thread/INFO] (Minecraft) Created: 512x256x4 minecraft:textures/atlas/shulker_boxes.png-atlas
[00:37:06] [Render thread/INFO] (Minecraft) Created: 512x256x4 minecraft:textures/atlas/beds.png-atlas
[00:37:06] [Render thread/INFO] (Minecraft) Created: 512x256x0 minecraft:textures/atlas/particles.png-atlas
[00:37:06] [Render thread/INFO] (Minecraft) Created: 512x256x0 minecraft:textures/atlas/paintings.png-atlas
[00:37:06] [Render thread/INFO] (Minecraft) Created: 256x128x0 minecraft:textures/atlas/mob_effects.png-atlas
[00:37:06] [Render thread/INFO] (Minecraft) Created: 64x64x0 minecraft:textures/atlas/map_decorations.png-atlas
[00:37:06] [Render thread/INFO] (Minecraft) Created: 1024x512x0 minecraft:textures/atlas/gui.png-atlas
[00:37:06] [Render thread/WARN] (Minecraft) Shader rendertype_entity_translucent_emissive could not find sampler named Sampler2 in the specified shader program.
[00:37:11] [Render thread/INFO] (Minecraft) Loaded 1290 recipes
[00:37:11] [Render thread/INFO] (Minecraft) Loaded 1399 advancements
[00:37:11] [Render thread/INFO] (BiomeModificationImpl) Applied 0 biome modifications to 0 of 64 new biomes in 1.285 ms
[00:37:11] [Server thread/INFO] (Minecraft) Starting integrated minecraft server version 1.21
[00:37:11] [Server thread/INFO] (Minecraft) Generating keypair
[00:37:12] [Server thread/INFO] (Minecraft) Preparing start region for dimension minecraft:overworld
[00:37:12] [Render thread/INFO] (Minecraft) Preparing spawn area: 0%
[00:37:12] [Render thread/INFO] (Minecraft) Time elapsed: 292 ms
[00:37:12] [Server thread/INFO] (Minecraft) Changing view distance to 12, from 10
[00:37:12] [Server thread/INFO] (Minecraft) Changing simulation distance to 12, from 0
[00:37:13] [Server thread/INFO] (Minecraft) Player370[local:E:27b31691] logged in with entity id 57 at (61.437675356691805, 63.0, -62.69999998807907)
[00:37:13] [Server thread/INFO] (Minecraft) Player370 joined the game
[00:37:13] [Server thread/INFO] (Minecraft) Player370 has made the advancement [Stone Age]
[00:37:13] [Server thread/INFO] (Minecraft) Player370 has made the advancement [Isn't It Iron Pick]
[00:37:13] [Render thread/INFO] (Minecraft) [System] [CHAT] Player370 has made the advancement [Stone Age]
[00:37:13] [Render thread/INFO] (Minecraft) [System] [CHAT] Player370 has made the advancement [Isn't It Iron Pick]
[00:37:13] [Render thread/INFO] (Minecraft) Loaded 33 advancements
[00:37:28] [Server thread/WARN] (Minecraft) Mismatch in destroy block pos: BlockPos{x=57, y=64, z=-65} BlockPos{x=58, y=64, z=-64}
[00:37:28] [Server thread/WARN] (Minecraft) Mismatch in destroy block pos: BlockPos{x=57, y=64, z=-65} BlockPos{x=58, y=64, z=-64}
[00:37:28] [Server thread/WARN] (Minecraft) Mismatch in destroy block pos: BlockPos{x=57, y=64, z=-65} BlockPos{x=58, y=64, z=-64}
[00:37:29] [Server thread/WARN] (Minecraft) Mismatch in destroy block pos: BlockPos{x=58, y=64, z=-68} BlockPos{x=59, y=64, z=-68}
[00:37:29] [Server thread/WARN] (Minecraft) Mismatch in destroy block pos: BlockPos{x=58, y=64, z=-68} BlockPos{x=59, y=64, z=-68}
[00:37:30] [Render thread/INFO] (Minecraft) Loaded 34 advancements
[00:37:36] [Server thread/INFO] (Minecraft) Saving and pausing game...
[00:37:36] [Server thread/INFO] (Minecraft) Saving chunks for level 'ServerLevel[New World]'/minecraft:overworld
[00:37:37] [Server thread/INFO] (Minecraft) Saving chunks for level 'ServerLevel[New World]'/minecraft:the_end
[00:37:37] [Server thread/INFO] (Minecraft) Saving chunks for level 'ServerLevel[New World]'/minecraft:the_nether
[00:37:38] [Server thread/INFO] (Minecraft) Player370 lost connection: Disconnected
[00:37:38] [Server thread/INFO] (Minecraft) Player370 left the game
[00:37:38] [Server thread/INFO] (Minecraft) Stopping singleplayer server as player logged out
[00:37:38] [Server thread/INFO] (Minecraft) Stopping server
[00:37:38] [Server thread/INFO] (Minecraft) Saving players
[00:37:38] [Server thread/INFO] (Minecraft) Saving worlds
[00:37:38] [Server thread/INFO] (Minecraft) Saving chunks for level 'ServerLevel[New World]'/minecraft:overworld
[00:37:38] [Server thread/INFO] (Minecraft) Saving chunks for level 'ServerLevel[New World]'/minecraft:the_end
[00:37:38] [Server thread/INFO] (Minecraft) Saving chunks for level 'ServerLevel[New World]'/minecraft:the_nether
[00:37:38] [Server thread/INFO] (Minecraft) ThreadedAnvilChunkStorage (New World): All chunks are saved
[00:37:38] [Server thread/INFO] (Minecraft) ThreadedAnvilChunkStorage (DIM1): All chunks are saved
[00:37:38] [Server thread/INFO] (Minecraft) ThreadedAnvilChunkStorage (DIM-1): All chunks are saved
[00:37:38] [Server thread/INFO] (Minecraft) ThreadedAnvilChunkStorage: All dimensions are saved
[00:37:39] [Render thread/INFO] (Minecraft) Stopping!
